2017-02-14 00:28:05 INFO  MyLogger:32 - Called settempWithoutMin Method -> Hoping Temp : 11.0
2017-02-14 00:28:08 INFO  MyLogger:44 - Request Result : OK
2017-02-14 00:28:08 INFO  MyLogger:44 - Request Result : OK
2017-02-14 00:28:09 INFO  MyLogger:44 - Request Result : OK
2017-02-14 00:28:10 INFO  MyLogger:44 - Request Result : OK
2017-02-14 00:28:10 INFO  MyLogger:44 - Request Result : OK
2017-02-14 00:28:10 INFO  MyLogger:71 - Watching Temperature
2017-02-14 00:28:11 INFO  MyLogger:94 - Setting Temp : 11.0
2017-02-14 00:28:11 INFO  MyLogger:91 - Current Temp : 22.0
2017-02-14 00:28:11 INFO  MyLogger:103 - Running Boiler : 30.0
2017-02-14 00:28:11 INFO  MyLogger:71 - Called runBoiler Method -> Hoping Temp : 30.0
2017-02-14 00:28:11 INFO  MyLogger:73 - Called settempWithoutMin Method -> Hoping Temp : 30.0
2017-02-14 00:28:12 INFO  MyLogger:86 - Request Result : OK
2017-02-14 00:28:12 INFO  MyLogger:86 - Request Result : OK
2017-02-14 00:28:13 INFO  MyLogger:86 - Request Result : OK
2017-02-14 00:28:13 INFO  MyLogger:86 - Request Result : OK
2017-02-14 00:28:14 INFO  MyLogger:86 - Request Result : OK
2017-02-14 00:29:14 INFO  MyLogger:129 - in 2minutes
2017-02-14 00:29:14 INFO  MyLogger:32 - Called settempWithoutMin Method -> Hoping Temp : 11.0
2017-02-14 00:29:15 INFO  MyLogger:44 - Request Result : OK
2017-02-14 00:29:16 INFO  MyLogger:44 - Request Result : OK
2017-02-14 00:29:16 INFO  MyLogger:44 - Request Result : OK
2017-02-14 00:29:17 INFO  MyLogger:44 - Request Result : OK
2017-02-14 00:29:18 INFO  MyLogger:44 - Request Result : OK
2017-02-14 00:30:10 INFO  MyLogger:71 - Watching Temperature
2017-02-14 00:30:11 INFO  MyLogger:94 - Setting Temp : 11.0
2017-02-14 00:30:11 INFO  MyLogger:91 - Current Temp : 22.0
2017-02-14 00:30:11 INFO  MyLogger:103 - Running Boiler : 30.0
2017-02-14 00:30:11 INFO  MyLogger:71 - Called runBoiler Method -> Hoping Temp : 30.0
2017-02-14 00:30:11 INFO  MyLogger:73 - Called settempWithoutMin Method -> Hoping Temp : 30.0
2017-02-14 00:30:12 INFO  MyLogger:86 - Request Result : OK
2017-02-14 00:30:12 INFO  MyLogger:86 - Request Result : OK
2017-02-14 00:30:13 INFO  MyLogger:86 - Request Result : OK
2017-02-14 00:30:14 INFO  MyLogger:86 - Request Result : OK
2017-02-14 00:30:14 INFO  MyLogger:86 - Request Result : OK
